{"meta": {"format": 3, "version": "7.11.0", "timestamp": "2025-11-03T23:09:35.860211", "branch_coverage": false, "show_contexts": false}, "files": {"src/donetick_mcp/__init__.py": {"executed_lines": [1, 3], "summary": {"covered_lines": 1, "num_statements": 1, "percent_covered": 100.0, "percent_covered_display": "100", "missing_lines": 0, "excluded_lines": 0}, "missing_lines": [], "excluded_lines": [], "functions": {"": {"executed_lines": [1, 3], "summary": {"covered_lines": 1, "num_statements": 1, "percent_covered": 100.0, "percent_covered_display": "100", "missing_lines": 0, "excluded_lines": 0}, "missing_lines": [], "excluded_lines": []}}, "classes": {"": {"executed_lines": [1, 3], "summary": {"covered_lines": 1, "num_statements": 1, "percent_covered": 100.0, "percent_covered_display": "100", "missing_lines": 0, "excluded_lines": 0}, "missing_lines": [], "excluded_lines": []}}}, "src/donetick_mcp/client.py": {"executed_lines": [1, 3, 4, 5, 6, 7, 8, 10, 12, 13, 15, 18, 19, 21, 29, 30, 31, 32, 33, 35, 42, 43, 44, 45, 48, 49, 51, 52, 53, 56, 57, 60, 61, 63, 83, 84, 85, 86, 87, 93, 94, 97, 116, 118, 120, 122, 124, 126, 127, 129, 140, 142, 144, 145, 152, 154, 156, 160, 163, 165, 174, 197, 198, 200, 201, 202, 204, 205, 207, 210, 211, 214, 215, 216, 217, 218, 219, 222, 223, 224, 225, 226, 227, 229, 230, 237, 240, 241, 246, 259, 261, 262, 263, 266, 267, 268, 270, 271, 272, 274, 277, 281, 296, 297, 300, 303, 306, 307, 308, 310, 311, 312, 314, 315, 317, 330, 339, 341, 342, 345, 346, 349, 351, 352, 354, 355, 356, 357, 360, 365, 375, 376, 379, 381, 384, 387, 389, 392, 393, 395, 419, 431, 432, 433, 434, 436, 453, 455, 456, 457, 459, 465, 466, 467, 469, 487, 503, 528, 557, 574, 600, 624, 646, 668, 752, 771, 776, 778, 779, 784, 785, 790, 791, 793, 795, 819], "summary": {"covered_lines": 173, "num_statements": 345, "percent_covered": 50.14492753623188, "percent_covered_display": "50", "missing_lines": 172, "excluded_lines": 0}, "missing_lines": [157, 158, 167, 168, 169, 170, 171, 172, 242, 243, 244, 247, 248, 249, 252, 253, 254, 256, 257, 279, 331, 332, 333, 334, 336, 358, 362, 363, 382, 390, 408, 409, 415, 416, 417, 478, 479, 482, 483, 484, 485, 494, 495, 498, 499, 500, 501, 514, 516, 517, 518, 520, 523, 524, 525, 526, 540, 542, 546, 547, 549, 552, 553, 554, 555, 567, 568, 569, 570, 584, 585, 587, 589, 590, 592, 593, 594, 595, 596, 598, 610, 611, 613, 615, 617, 618, 619, 620, 622, 634, 636, 639, 640, 642, 643, 644, 656, 658, 661, 662, 664, 665, 666, 690, 691, 694, 695, 700, 703, 704, 715, 716, 717, 718, 719, 721, 723, 724, 725, 726, 727, 730, 732, 734, 735, 736, 737, 740, 741, 742, 745, 748, 750, 805, 806, 808, 836, 837, 839, 840, 842, 844, 845, 847, 849, 854, 855, 858, 859, 860, 861, 862, 864, 865, 868, 869, 871, 872, 873, 874, 876, 877, 879, 881, 882, 883, 884, 885, 887, 891, 892, 895], "excluded_lines": [], "functions": {"TokenBucket.__init__": {"executed_lines": [29, 30, 31, 32, 33], "summary": {"covered_lines": 5, "num_statements": 5, "percent_covered": 100.0, "percent_covered_display": "100", "missing_lines": 0, "excluded_lines": 0}, "missing_lines": [], "excluded_lines": []}, "TokenBucket.acquire": {"executed_lines": [42, 43, 44, 45, 48, 49, 51, 52, 53, 56, 57], "summary": {"covered_lines": 11, "num_statements": 11, "percent_covered": 100.0, "percent_covered_display": "100", "missing_lines": 0, "excluded_lines": 0}, "missing_lines": [], "excluded_lines": []}, "DonetickClient.__init__": {"executed_lines": [83, 84, 85, 86, 87, 93, 94, 97], "summary": {"covered_lines": 8, "num_statements": 8, "percent_covered": 100.0, "percent_covered_display": "100", "missing_lines": 0, "excluded_lines": 0}, "missing_lines": [], "excluded_lines": []}, "DonetickClient.__aenter__": {"executed_lines": [118], "summary": {"covered_lines": 1, "num_statements": 1, "percent_covered": 100.0, "percent_covered_display": "100", "missing_lines": 0, "excluded_lines": 0}, "missing_lines": [], "excluded_lines": []}, "DonetickClient.__aexit__": {"executed_lines": [122], "summary": {"covered_lines": 1, "num_statements": 1, "percent_covered": 100.0, "percent_covered_display": "100", "missing_lines": 0, "excluded_lines": 0}, "missing_lines": [], "excluded_lines": []}, "DonetickClient.close": {"executed_lines": [126, 127], "summary": {"covered_lines": 2, "num_statements": 2, "percent_covered": 100.0, "percent_covered_display": "100", "missing_lines": 0, "excluded_lines": 0}, "missing_lines": [], "excluded_lines": []}, "DonetickClient.login": {"executed_lines": [140, 142, 144, 145, 152, 154, 156, 160, 163, 165], "summary": {"covered_lines": 10, "num_statements": 18, "percent_covered": 55.55555555555556, "percent_covered_display": "56", "missing_lines": 8, "excluded_lines": 0}, "missing_lines": [157, 158, 167, 168, 169, 170, 171, 172], "excluded_lines": []}, "DonetickClient._request": {"executed_lines": [197, 198, 200, 201, 202, 204, 205, 207, 210, 211, 214, 215, 216, 217, 218, 219, 222, 223, 224, 225, 226, 227, 229, 230, 237, 240, 241, 246, 259, 261, 262, 263, 266, 267, 268, 270, 271, 272, 274, 277], "summary": {"covered_lines": 40, "num_statements": 52, "percent_covered": 76.92307692307692, "percent_covered_display": "77", "missing_lines": 12, "excluded_lines": 0}, "missing_lines": [242, 243, 244, 247, 248, 249, 252, 253, 254, 256, 257, 279], "excluded_lines": []}, "DonetickClient.list_chores": {"executed_lines": [296, 297, 300, 303, 306, 307, 308, 310, 311, 312, 314, 315], "summary": {"covered_lines": 12, "num_statements": 12, "percent_covered": 100.0, "percent_covered_display": "100", "missing_lines": 0, "excluded_lines": 0}, "missing_lines": [], "excluded_lines": []}, "DonetickClient.get_chore": {"executed_lines": [330, 339, 341, 342, 345, 346, 349, 351, 352, 354, 355, 356, 357], "summary": {"covered_lines": 13, "num_statements": 19, "percent_covered": 68.42105263157895, "percent_covered_display": "68", "missing_lines": 6, "excluded_lines": 0}, "missing_lines": [331, 332, 333, 334, 336, 358], "excluded_lines": []}, "DonetickClient.clear_cache": {"executed_lines": [], "summary": {"covered_lines": 0, "num_statements": 2, "percent_covered": 0.0, "percent_covered_display": "0", "missing_lines": 2, "excluded_lines": 0}, "missing_lines": [362, 363], "excluded_lines": []}, "DonetickClient.create_chore": {"executed_lines": [375, 376, 379, 381, 384, 387, 389, 392, 393], "summary": {"covered_lines": 9, "num_statements": 11, "percent_covered": 81.81818181818181, "percent_covered_display": "82", "missing_lines": 2, "excluded_lines": 0}, "missing_lines": [382, 390], "excluded_lines": []}, "DonetickClient.update_chore": {"executed_lines": [], "summary": {"covered_lines": 0, "num_statements": 5, "percent_covered": 0.0, "percent_covered_display": "0", "missing_lines": 5, "excluded_lines": 0}, "missing_lines": [408, 409, 415, 416, 417], "excluded_lines": []}, "DonetickClient.delete_chore": {"executed_lines": [431, 432, 433, 434], "summary": {"covered_lines": 4, "num_statements": 4, "percent_covered": 100.0, "percent_covered_display": "100", "missing_lines": 0, "excluded_lines": 0}, "missing_lines": [], "excluded_lines": []}, "DonetickClient.complete_chore": {"executed_lines": [453, 455, 456, 457, 459, 465, 466, 467], "summary": {"covered_lines": 8, "num_statements": 8, "percent_covered": 100.0, "percent_covered_display": "100", "missing_lines": 0, "excluded_lines": 0}, "missing_lines": [], "excluded_lines": []}, "DonetickClient.get_circle_members": {"executed_lines": [], "summary": {"covered_lines": 0, "num_statements": 6, "percent_covered": 0.0, "percent_covered_display": "0", "missing_lines": 6, "excluded_lines": 0}, "missing_lines": [478, 479, 482, 483, 484, 485], "excluded_lines": []}, "DonetickClient.get_labels": {"executed_lines": [], "summary": {"covered_lines": 0, "num_statements": 6, "percent_covered": 0.0, "percent_covered_display": "0", "missing_lines": 6, "excluded_lines": 0}, "missing_lines": [494, 495, 498, 499, 500, 501], "excluded_lines": []}, "DonetickClient.create_label": {"executed_lines": [], "summary": {"covered_lines": 0, "num_statements": 9, "percent_covered": 0.0, "percent_covered_display": "0", "missing_lines": 9, "excluded_lines": 0}, "missing_lines": [514, 516, 517, 518, 520, 523, 524, 525, 526], "excluded_lines": []}, "DonetickClient.update_label": {"executed_lines": [], "summary": {"covered_lines": 0, "num_statements": 9, "percent_covered": 0.0, "percent_covered_display": "0", "missing_lines": 9, "excluded_lines": 0}, "missing_lines": [540, 542, 546, 547, 549, 552, 553, 554, 555], "excluded_lines": []}, "DonetickClient.delete_label": {"executed_lines": [], "summary": {"covered_lines": 0, "num_statements": 4, "percent_covered": 0.0, "percent_covered_display": "0", "missing_lines": 4, "excluded_lines": 0}, "missing_lines": [567, 568, 569, 570], "excluded_lines": []}, "DonetickClient.lookup_user_ids": {"executed_lines": [], "summary": {"covered_lines": 0, "num_statements": 11, "percent_covered": 0.0, "percent_covered_display": "0", "missing_lines": 11, "excluded_lines": 0}, "missing_lines": [584, 585, 587, 589, 590, 592, 593, 594, 595, 596, 598], "excluded_lines": []}, "DonetickClient.lookup_label_ids": {"executed_lines": [], "summary": {"covered_lines": 0, "num_statements": 9, "percent_covered": 0.0, "percent_covered_display": "0", "missing_lines": 9, "excluded_lines": 0}, "missing_lines": [610, 611, 613, 615, 617, 618, 619, 620, 622], "excluded_lines": []}, "DonetickClient.list_users": {"executed_lines": [], "summary": {"covered_lines": 0, "num_statements": 7, "percent_covered": 0.0, "percent_covered_display": "0", "missing_lines": 7, "excluded_lines": 0}, "missing_lines": [634, 636, 639, 640, 642, 643, 644], "excluded_lines": []}, "DonetickClient.get_user_profile": {"executed_lines": [], "summary": {"covered_lines": 0, "num_statements": 7, "percent_covered": 0.0, "percent_covered_display": "0", "missing_lines": 7, "excluded_lines": 0}, "missing_lines": [656, 658, 661, 662, 664, 665, 666], "excluded_lines": []}, "DonetickClient.transform_frequency_metadata": {"executed_lines": [], "summary": {"covered_lines": 0, "num_statements": 30, "percent_covered": 0.0, "percent_covered_display": "0", "missing_lines": 30, "excluded_lines": 0}, "missing_lines": [690, 691, 694, 695, 700, 703, 704, 715, 716, 717, 718, 719, 721, 723, 724, 725, 726, 727, 730, 732, 734, 735, 736, 737, 740, 741, 742, 745, 748, 750], "excluded_lines": []}, "DonetickClient.transform_notification_metadata": {"executed_lines": [771, 776, 778, 779, 784, 785, 790, 791, 793], "summary": {"covered_lines": 9, "num_statements": 9, "percent_covered": 100.0, "percent_covered_display": "100", "missing_lines": 0, "excluded_lines": 0}, "missing_lines": [], "excluded_lines": []}, "DonetickClient.transform_subtasks": {"executed_lines": [], "summary": {"covered_lines": 0, "num_statements": 3, "percent_covered": 0.0, "percent_covered_display": "0", "missing_lines": 3, "excluded_lines": 0}, "missing_lines": [805, 806, 808], "excluded_lines": []}, "DonetickClient.calculate_due_date": {"executed_lines": [], "summary": {"covered_lines": 0, "num_statements": 36, "percent_covered": 0.0, "percent_covered_display": "0", "missing_lines": 36, "excluded_lines": 0}, "missing_lines": [836, 837, 839, 840, 842, 844, 845, 847, 849, 854, 855, 858, 859, 860, 861, 862, 864, 865, 868, 869, 871, 872, 873, 874, 876, 877, 879, 881, 882, 883, 884, 885, 887, 891, 892, 895], "excluded_lines": []}, "": {"executed_lines": [1, 3, 4, 5, 6, 7, 8, 10, 12, 13, 15, 18, 19, 21, 35, 60, 61, 63, 116, 120, 124, 129, 174, 281, 317, 360, 365, 395, 419, 436, 469, 487, 503, 528, 557, 574, 600, 624, 646, 668, 752, 795, 819], "summary": {"covered_lines": 40, "num_statements": 40, "percent_covered": 100.0, "percent_covered_display": "100", "missing_lines": 0, "excluded_lines": 0}, "missing_lines": [], "excluded_lines": []}}, "classes": {"TokenBucket": {"executed_lines": [29, 30, 31, 32, 33, 42, 43, 44, 45, 48, 49, 51, 52, 53, 56, 57], "summary": {"covered_lines": 16, "num_statements": 16, "percent_covered": 100.0, "percent_covered_display": "100", "missing_lines": 0, "excluded_lines": 0}, "missing_lines": [], "excluded_lines": []}, "DonetickClient": {"executed_lines": [83, 84, 85, 86, 87, 93, 94, 97, 118, 122, 126, 127, 140, 142, 144, 145, 152, 154, 156, 160, 163, 165, 197, 198, 200, 201, 202, 204, 205, 207, 210, 211, 214, 215, 216, 217, 218, 219, 222, 223, 224, 225, 226, 227, 229, 230, 237, 240, 241, 246, 259, 261, 262, 263, 266, 267, 268, 270, 271, 272, 274, 277, 296, 297, 300, 303, 306, 307, 308, 310, 311, 312, 314, 315, 330, 339, 341, 342, 345, 346, 349, 351, 352, 354, 355, 356, 357, 375, 376, 379, 381, 384, 387, 389, 392, 393, 431, 432, 433, 434, 453, 455, 456, 457, 459, 465, 466, 467, 771, 776, 778, 779, 784, 785, 790, 791, 793], "summary": {"covered_lines": 117, "num_statements": 289, "percent_covered": 40.484429065743946, "percent_covered_display": "40", "missing_lines": 172, "excluded_lines": 0}, "missing_lines": [157, 158, 167, 168, 169, 170, 171, 172, 242, 243, 244, 247, 248, 249, 252, 253, 254, 256, 257, 279, 331, 332, 333, 334, 336, 358, 362, 363, 382, 390, 408, 409, 415, 416, 417, 478, 479, 482, 483, 484, 485, 494, 495, 498, 499, 500, 501, 514, 516, 517, 518, 520, 523, 524, 525, 526, 540, 542, 546, 547, 549, 552, 553, 554, 555, 567, 568, 569, 570, 584, 585, 587, 589, 590, 592, 593, 594, 595, 596, 598, 610, 611, 613, 615, 617, 618, 619, 620, 622, 634, 636, 639, 640, 642, 643, 644, 656, 658, 661, 662, 664, 665, 666, 690, 691, 694, 695, 700, 703, 704, 715, 716, 717, 718, 719, 721, 723, 724, 725, 726, 727, 730, 732, 734, 735, 736, 737, 740, 741, 742, 745, 748, 750, 805, 806, 808, 836, 837, 839, 840, 842, 844, 845, 847, 849, 854, 855, 858, 859, 860, 861, 862, 864, 865, 868, 869, 871, 872, 873, 874, 876, 877, 879, 881, 882, 883, 884, 885, 887, 891, 892, 895], "excluded_lines": []}, "": {"executed_lines": [1, 3, 4, 5, 6, 7, 8, 10, 12, 13, 15, 18, 19, 21, 35, 60, 61, 63, 116, 120, 124, 129, 174, 281, 317, 360, 365, 395, 419, 436, 469, 487, 503, 528, 557, 574, 600, 624, 646, 668, 752, 795, 819], "summary": {"covered_lines": 40, "num_statements": 40, "percent_covered": 100.0, "percent_covered_display": "100", "missing_lines": 0, "excluded_lines": 0}, "missing_lines": [], "excluded_lines": []}}}, "src/donetick_mcp/config.py": {"executed_lines": [1, 3, 4, 5, 7, 10, 13, 14, 16, 18, 19, 20, 21, 22, 23, 26, 29, 30, 32, 34, 35, 38, 45, 52, 60, 66, 73, 79, 86, 88, 90, 91, 98], "summary": {"covered_lines": 31, "num_statements": 40, "percent_covered": 77.5, "percent_covered_display": "78", "missing_lines": 9, "excluded_lines": 0}, "missing_lines": [39, 46, 53, 61, 67, 74, 75, 76, 80], "excluded_lines": [], "functions": {"Config.__init__": {"executed_lines": [18, 19, 20, 21, 22, 23, 26, 29, 30], "summary": {"covered_lines": 9, "num_statements": 9, "percent_covered": 100.0, "percent_covered_display": "100", "missing_lines": 0, "excluded_lines": 0}, "missing_lines": [], "excluded_lines": []}, "Config._validate": {"executed_lines": [34, 35, 38, 45, 52, 60, 66, 73, 79, 86], "summary": {"covered_lines": 10, "num_statements": 19, "percent_covered": 52.63157894736842, "percent_covered_display": "53", "missing_lines": 9, "excluded_lines": 0}, "missing_lines": [39, 46, 53, 61, 67, 74, 75, 76, 80], "excluded_lines": []}, "Config.configure_logging": {"executed_lines": [90, 91], "summary": {"covered_lines": 2, "num_statements": 2, "percent_covered": 100.0, "percent_covered_display": "100", "missing_lines": 0, "excluded_lines": 0}, "missing_lines": [], "excluded_lines": []}, "": {"executed_lines": [1, 3, 4, 5, 7, 10, 13, 14, 16, 32, 88, 98], "summary": {"covered_lines": 10, "num_statements": 10, "percent_covered": 100.0, "percent_covered_display": "100", "missing_lines": 0, "excluded_lines": 0}, "missing_lines": [], "excluded_lines": []}}, "classes": {"Config": {"executed_lines": [18, 19, 20, 21, 22, 23, 26, 29, 30, 34, 35, 38, 45, 52, 60, 66, 73, 79, 86, 90, 91], "summary": {"covered_lines": 21, "num_statements": 30, "percent_covered": 70.0, "percent_covered_display": "70", "missing_lines": 9, "excluded_lines": 0}, "missing_lines": [39, 46, 53, 61, 67, 74, 75, 76, 80], "excluded_lines": []}, "": {"executed_lines": [1, 3, 4, 5, 7, 10, 13, 14, 16, 32, 88, 98], "summary": {"covered_lines": 10, "num_statements": 10, "percent_covered": 100.0, "percent_covered_display": "100", "missing_lines": 0, "excluded_lines": 0}, "missing_lines": [], "excluded_lines": []}}}, "src/donetick_mcp/models.py": {"executed_lines": [1, 3, 4, 6, 9, 10, 12, 15, 16, 18, 19, 20, 21, 24, 25, 27, 28, 31, 32, 34, 64, 71, 77, 82, 89, 94, 100, 105, 112, 117, 122, 129, 134, 141, 148, 153, 160, 165, 172, 180, 185, 192, 197, 204, 210, 211, 212, 214, 217, 218, 220, 221, 222, 224, 225, 227, 228, 230, 231, 232, 234, 235, 238, 239, 240, 254, 255, 256, 258, 260, 274, 278, 280, 281, 282, 284, 286, 287, 291, 294, 295, 297, 307, 308, 309, 312, 313, 315, 317, 318, 319, 320, 321, 322, 323, 324, 325, 326, 327, 331, 332, 333, 337, 338, 339, 340, 341, 342, 343, 344, 345, 346, 347, 348, 349, 350, 351, 352, 355, 356, 358, 360, 361, 362, 363, 364, 365, 366, 367, 368, 369, 372, 373, 375, 377, 378, 379, 380, 381, 382, 383, 384, 385, 386, 389, 390, 392, 394, 395, 396, 397, 398, 399, 400, 401, 402, 403, 404, 406, 410, 412, 413, 415, 418, 419, 421, 422, 423], "summary": {"covered_lines": 157, "num_statements": 169, "percent_covered": 92.89940828402366, "percent_covered_display": "93", "missing_lines": 12, "excluded_lines": 0}, "missing_lines": [215, 241, 242, 245, 246, 247, 248, 249, 259, 275, 285, 288], "excluded_lines": [], "functions": {"ChoreCreate.validate_name": {"executed_lines": [214, 217, 218], "summary": {"covered_lines": 3, "num_statements": 4, "percent_covered": 75.0, "percent_covered_display": "75", "missing_lines": 1, "excluded_lines": 0}, "missing_lines": [215], "excluded_lines": []}, "ChoreCreate.validate_description": {"executed_lines": [224, 225, 227, 228], "summary": {"covered_lines": 4, "num_statements": 4, "percent_covered": 100.0, "percent_covered_display": "100", "missing_lines": 0, "excluded_lines": 0}, "missing_lines": [], "excluded_lines": []}, "ChoreCreate.validate_due_date": {"executed_lines": [234, 235, 238, 239, 240], "summary": {"covered_lines": 5, "num_statements": 12, "percent_covered": 41.666666666666664, "percent_covered_display": "42", "missing_lines": 7, "excluded_lines": 0}, "missing_lines": [241, 242, 245, 246, 247, 248, 249], "excluded_lines": []}, "ChoreCreate.validate_frequency_type": {"executed_lines": [258, 260, 274, 278], "summary": {"covered_lines": 4, "num_statements": 6, "percent_covered": 66.66666666666667, "percent_covered_display": "67", "missing_lines": 2, "excluded_lines": 0}, "missing_lines": [259, 275], "excluded_lines": []}, "ChoreCreate.validate_assign_strategy": {"executed_lines": [284, 286, 287, 291], "summary": {"covered_lines": 4, "num_statements": 6, "percent_covered": 66.66666666666667, "percent_covered_display": "67", "missing_lines": 2, "excluded_lines": 0}, "missing_lines": [285, 288], "excluded_lines": []}, "": {"executed_lines": [1, 3, 4, 6, 9, 10, 12, 15, 16, 18, 19, 20, 21, 24, 25, 27, 28, 31, 32, 34, 64, 71, 77, 82, 89, 94, 100, 105, 112, 117, 122, 129, 134, 141, 148, 153, 160, 165, 172, 180, 185, 192, 197, 204, 210, 211, 212, 220, 221, 222, 230, 231, 232, 254, 255, 256, 280, 281, 282, 294, 295, 297, 307, 308, 309, 312, 313, 315, 317, 318, 319, 320, 321, 322, 323, 324, 325, 326, 327, 331, 332, 333, 337, 338, 339, 340, 341, 342, 343, 344, 345, 346, 347, 348, 349, 350, 351, 352, 355, 356, 358, 360, 361, 362, 363, 364, 365, 366, 367, 368, 369, 372, 373, 375, 377, 378, 379, 380, 381, 382, 383, 384, 385, 386, 389, 390, 392, 394, 395, 396, 397, 398, 399, 400, 401, 402, 403, 404, 406, 410, 412, 413, 415, 418, 419, 421, 422, 423], "summary": {"covered_lines": 137, "num_statements": 137, "percent_covered": 100.0, "percent_covered_display": "100", "missing_lines": 0, "excluded_lines": 0}, "missing_lines": [], "excluded_lines": []}}, "classes": {"Assignee": {"executed_lines": [], "summary": {"covered_lines": 0, "num_statements": 0, "percent_covered": 100.0, "percent_covered_display": "100", "missing_lines": 0, "excluded_lines": 0}, "missing_lines": [], "excluded_lines": []}, "Label": {"executed_lines": [], "summary": {"covered_lines": 0, "num_statements": 0, "percent_covered": 100.0, "percent_covered_display": "100", "missing_lines": 0, "excluded_lines": 0}, "missing_lines": [], "excluded_lines": []}, "NotificationMetadata": {"executed_lines": [], "summary": {"covered_lines": 0, "num_statements": 0, "percent_covered": 100.0, "percent_covered_display": "100", "missing_lines": 0, "excluded_lines": 0}, "missing_lines": [], "excluded_lines": []}, "ChoreCreate": {"executed_lines": [214, 217, 218, 224, 225, 227, 228, 234, 235, 238, 239, 240, 258, 260, 274, 278, 284, 286, 287, 291], "summary": {"covered_lines": 20, "num_statements": 32, "percent_covered": 62.5, "percent_covered_display": "62", "missing_lines": 12, "excluded_lines": 0}, "missing_lines": [215, 241, 242, 245, 246, 247, 248, 249, 259, 275, 285, 288], "excluded_lines": []}, "ChoreUpdate": {"executed_lines": [], "summary": {"covered_lines": 0, "num_statements": 0, "percent_covered": 100.0, "percent_covered_display": "100", "missing_lines": 0, "excluded_lines": 0}, "missing_lines": [], "excluded_lines": []}, "Chore": {"executed_lines": [], "summary": {"covered_lines": 0, "num_statements": 0, "percent_covered": 100.0, "percent_covered_display": "100", "missing_lines": 0, "excluded_lines": 0}, "missing_lines": [], "excluded_lines": []}, "CircleMember": {"executed_lines": [], "summary": {"covered_lines": 0, "num_statements": 0, "percent_covered": 100.0, "percent_covered_display": "100", "missing_lines": 0, "excluded_lines": 0}, "missing_lines": [], "excluded_lines": []}, "User": {"executed_lines": [], "summary": {"covered_lines": 0, "num_statements": 0, "percent_covered": 100.0, "percent_covered_display": "100", "missing_lines": 0, "excluded_lines": 0}, "missing_lines": [], "excluded_lines": []}, "UserProfile": {"executed_lines": [], "summary": {"covered_lines": 0, "num_statements": 0, "percent_covered": 100.0, "percent_covered_display": "100", "missing_lines": 0, "excluded_lines": 0}, "missing_lines": [], "excluded_lines": []}, "APIError": {"executed_lines": [], "summary": {"covered_lines": 0, "num_statements": 0, "percent_covered": 100.0, "percent_covered_display": "100", "missing_lines": 0, "excluded_lines": 0}, "missing_lines": [], "excluded_lines": []}, "": {"executed_lines": [1, 3, 4, 6, 9, 10, 12, 15, 16, 18, 19, 20, 21, 24, 25, 27, 28, 31, 32, 34, 64, 71, 77, 82, 89, 94, 100, 105, 112, 117, 122, 129, 134, 141, 148, 153, 160, 165, 172, 180, 185, 192, 197, 204, 210, 211, 212, 220, 221, 222, 230, 231, 232, 254, 255, 256, 280, 281, 282, 294, 295, 297, 307, 308, 309, 312, 313, 315, 317, 318, 319, 320, 321, 322, 323, 324, 325, 326, 327, 331, 332, 333, 337, 338, 339, 340, 341, 342, 343, 344, 345, 346, 347, 348, 349, 350, 351, 352, 355, 356, 358, 360, 361, 362, 363, 364, 365, 366, 367, 368, 369, 372, 373, 375, 377, 378, 379, 380, 381, 382, 383, 384, 385, 386, 389, 390, 392, 394, 395, 396, 397, 398, 399, 400, 401, 402, 403, 404, 406, 410, 412, 413, 415, 418, 419, 421, 422, 423], "summary": {"covered_lines": 137, "num_statements": 137, "percent_covered": 100.0, "percent_covered_display": "100", "missing_lines": 0, "excluded_lines": 0}, "missing_lines": [], "excluded_lines": []}}}, "src/donetick_mcp/server.py": {"executed_lines": [1, 3, 4, 5, 6, 7, 9, 10, 11, 13, 14, 15, 16, 19, 20, 23, 26, 29, 32, 33, 34, 37, 38, 40, 458, 459, 461, 462, 464, 465, 466, 468, 474, 475, 477, 482, 484, 485, 486, 488, 489, 496, 498, 500, 501, 502, 505, 516, 517, 520, 528, 529, 530, 531, 532, 535, 551, 563, 564, 565, 566, 567, 570, 580, 581, 584, 588, 589, 598, 644, 646, 653, 654, 655, 657, 659, 667, 668, 670, 672, 679, 698, 712, 727, 739, 770, 803, 844, 851, 853, 856, 857, 865, 871, 886, 895, 901, 910, 916, 963, 975, 985, 1008, 1042], "summary": {"covered_lines": 103, "num_statements": 241, "percent_covered": 42.738589211618255, "percent_covered_display": "43", "missing_lines": 138, "excluded_lines": 0}, "missing_lines": [506, 507, 509, 511, 513, 521, 522, 523, 525, 536, 552, 559, 560, 571, 572, 585, 591, 680, 683, 684, 685, 686, 688, 689, 691, 699, 700, 702, 704, 705, 713, 714, 715, 717, 719, 720, 728, 730, 732, 740, 743, 744, 745, 746, 747, 749, 756, 758, 763, 771, 774, 775, 776, 777, 778, 779, 781, 789, 791, 796, 804, 807, 808, 809, 810, 811, 813, 836, 858, 866, 872, 873, 878, 879, 885, 887, 896, 902, 918, 919, 920, 932, 934, 935, 946, 948, 951, 966, 967, 968, 969, 970, 972, 977, 978, 980, 981, 982, 987, 988, 990, 991, 992, 995, 998, 999, 1000, 1001, 1010, 1011, 1013, 1015, 1017, 1018, 1019, 1021, 1022, 1023, 1024, 1027, 1028, 1029, 1030, 1031, 1032, 1035, 1036, 1037, 1038, 1039, 1043, 1044, 1046, 1047, 1048, 1050, 1051, 1052], "excluded_lines": [], "functions": {"get_client": {"executed_lines": [32, 33, 34], "summary": {"covered_lines": 3, "num_statements": 3, "percent_covered": 100.0, "percent_covered_display": "100", "missing_lines": 0, "excluded_lines": 0}, "missing_lines": [], "excluded_lines": []}, "list_tools": {"executed_lines": [40], "summary": {"covered_lines": 1, "num_statements": 1, "percent_covered": 100.0, "percent_covered_display": "100", "missing_lines": 0, "excluded_lines": 0}, "missing_lines": [], "excluded_lines": []}, "call_tool": {"executed_lines": [461, 462, 464, 465, 466, 468, 474, 475, 477, 482, 484, 485, 486, 488, 489, 496, 498, 500, 501, 502, 505, 516, 517, 520, 528, 529, 530, 531, 532, 535, 551, 563, 564, 565, 566, 567, 570, 580, 581, 584, 588, 589, 598, 644, 646, 653, 654, 655, 657, 659, 667, 668, 670, 672, 679, 698, 712, 727, 739, 770, 803, 844, 851, 853, 856, 857, 865, 871, 886, 895, 901, 910, 916], "summary": {"covered_lines": 73, "num_statements": 160, "percent_covered": 45.625, "percent_covered_display": "46", "missing_lines": 87, "excluded_lines": 0}, "missing_lines": [506, 507, 509, 511, 513, 521, 522, 523, 525, 536, 552, 559, 560, 571, 572, 585, 591, 680, 683, 684, 685, 686, 688, 689, 691, 699, 700, 702, 704, 705, 713, 714, 715, 717, 719, 720, 728, 730, 732, 740, 743, 744, 745, 746, 747, 749, 756, 758, 763, 771, 774, 775, 776, 777, 778, 779, 781, 789, 791, 796, 804, 807, 808, 809, 810, 811, 813, 836, 858, 866, 872, 873, 878, 879, 885, 887, 896, 902, 918, 919, 920, 932, 934, 935, 946, 948, 951], "excluded_lines": []}, "cleanup": {"executed_lines": [], "summary": {"covered_lines": 0, "num_statements": 6, "percent_covered": 0.0, "percent_covered_display": "0", "missing_lines": 6, "excluded_lines": 0}, "missing_lines": [966, 967, 968, 969, 970, 972], "excluded_lines": []}, "sanitize_url": {"executed_lines": [], "summary": {"covered_lines": 0, "num_statements": 5, "percent_covered": 0.0, "percent_covered_display": "0", "missing_lines": 5, "excluded_lines": 0}, "missing_lines": [977, 978, 980, 981, 982], "excluded_lines": []}, "main_async": {"executed_lines": [], "summary": {"covered_lines": 0, "num_statements": 10, "percent_covered": 0.0, "percent_covered_display": "0", "missing_lines": 10, "excluded_lines": 0}, "missing_lines": [987, 988, 990, 991, 992, 995, 998, 999, 1000, 1001], "excluded_lines": []}, "main": {"executed_lines": [], "summary": {"covered_lines": 0, "num_statements": 22, "percent_covered": 0.0, "percent_covered_display": "0", "missing_lines": 22, "excluded_lines": 0}, "missing_lines": [1010, 1011, 1013, 1015, 1017, 1018, 1019, 1021, 1022, 1023, 1024, 1027, 1028, 1029, 1030, 1031, 1032, 1035, 1036, 1037, 1038, 1039], "excluded_lines": []}, "": {"executed_lines": [1, 3, 4, 5, 6, 7, 9, 10, 11, 13, 14, 15, 16, 19, 20, 23, 26, 29, 37, 38, 458, 459, 963, 975, 985, 1008, 1042], "summary": {"covered_lines": 26, "num_statements": 34, "percent_covered": 76.47058823529412, "percent_covered_display": "76", "missing_lines": 8, "excluded_lines": 0}, "missing_lines": [1043, 1044, 1046, 1047, 1048, 1050, 1051, 1052], "excluded_lines": []}}, "classes": {"": {"executed_lines": [1, 3, 4, 5, 6, 7, 9, 10, 11, 13, 14, 15, 16, 19, 20, 23, 26, 29, 32, 33, 34, 37, 38, 40, 458, 459, 461, 462, 464, 465, 466, 468, 474, 475, 477, 482, 484, 485, 486, 488, 489, 496, 498, 500, 501, 502, 505, 516, 517, 520, 528, 529, 530, 531, 532, 535, 551, 563, 564, 565, 566, 567, 570, 580, 581, 584, 588, 589, 598, 644, 646, 653, 654, 655, 657, 659, 667, 668, 670, 672, 679, 698, 712, 727, 739, 770, 803, 844, 851, 853, 856, 857, 865, 871, 886, 895, 901, 910, 916, 963, 975, 985, 1008, 1042], "summary": {"covered_lines": 103, "num_statements": 241, "percent_covered": 42.738589211618255, "percent_covered_display": "43", "missing_lines": 138, "excluded_lines": 0}, "missing_lines": [506, 507, 509, 511, 513, 521, 522, 523, 525, 536, 552, 559, 560, 571, 572, 585, 591, 680, 683, 684, 685, 686, 688, 689, 691, 699, 700, 702, 704, 705, 713, 714, 715, 717, 719, 720, 728, 730, 732, 740, 743, 744, 745, 746, 747, 749, 756, 758, 763, 771, 774, 775, 776, 777, 778, 779, 781, 789, 791, 796, 804, 807, 808, 809, 810, 811, 813, 836, 858, 866, 872, 873, 878, 879, 885, 887, 896, 902, 918, 919, 920, 932, 934, 935, 946, 948, 951, 966, 967, 968, 969, 970, 972, 977, 978, 980, 981, 982, 987, 988, 990, 991, 992, 995, 998, 999, 1000, 1001, 1010, 1011, 1013, 1015, 1017, 1018, 1019, 1021, 1022, 1023, 1024, 1027, 1028, 1029, 1030, 1031, 1032, 1035, 1036, 1037, 1038, 1039, 1043, 1044, 1046, 1047, 1048, 1050, 1051, 1052], "excluded_lines": []}}}}, "totals": {"covered_lines": 465, "num_statements": 796, "percent_covered": 58.41708542713568, "percent_covered_display": "58", "missing_lines": 331, "excluded_lines": 0}}